Determining if the pthread_create exist failed with the following output:
Change Dir: /home/pi/ros_catkin_ws/build_isolated/roscpp/CMakeFiles/CMakeTmp

Run Build Command:"/usr/bin/make" "cmTC_7d6af/fast"
/usr/bin/make -f CMakeFiles/cmTC_7d6af.dir/build.make CMakeFiles/cmTC_7d6af.dir/build
make[1]: Entering directory '/home/pi/ros_catkin_ws/build_isolated/roscpp/CMakeFiles/CMakeTmp'
Building C object CMakeFiles/cmTC_7d6af.dir/CheckSymbolExists.c.o
/usr/bin/cc     -o CMakeFiles/cmTC_7d6af.dir/CheckSymbolExists.c.o   -c /home/pi/ros_catkin_ws/build_isolated/roscpp/CMakeFiles/CMakeTmp/CheckSymbolExists.c
Linking C executable cmTC_7d6af
/usr/bin/cmake -E cmake_link_script CMakeFiles/cmTC_7d6af.dir/link.txt --verbose=1
/usr/bin/cc       CMakeFiles/cmTC_7d6af.dir/CheckSymbolExists.c.o  -o cmTC_7d6af -rdynamic 
CMakeFiles/cmTC_7d6af.dir/CheckSymbolExists.c.o: In function `main':
CheckSymbolExists.c:(.text+0x38): undefined reference to `pthread_create'
collect2: error: ld returned 1 exit status
CMakeFiles/cmTC_7d6af.dir/build.make:97: recipe for target 'cmTC_7d6af' failed
make[1]: *** [cmTC_7d6af] Error 1
make[1]: Leaving directory '/home/pi/ros_catkin_ws/build_isolated/roscpp/CMakeFiles/CMakeTmp'
Makefile:126: recipe for target 'cmTC_7d6af/fast' failed
make: *** [cmTC_7d6af/fast] Error 2

File /home/pi/ros_catkin_ws/build_isolated/roscpp/CMakeFiles/CMakeTmp/CheckSymbolExists.c:
/* */
#include <pthread.h>

int main(int argc, char** argv)
{
  (void)argv;
#ifndef pthread_create
  return ((int*)(&pthread_create))[argc];
#else
  (void)argc;
  return 0;
#endif
}

Determining if the function pthread_create exists in the pthreads failed with the following output:
Change Dir: /home/pi/ros_catkin_ws/build_isolated/roscpp/CMakeFiles/CMakeTmp

Run Build Command:"/usr/bin/make" "cmTC_052e7/fast"
/usr/bin/make -f CMakeFiles/cmTC_052e7.dir/build.make CMakeFiles/cmTC_052e7.dir/build
make[1]: Entering directory '/home/pi/ros_catkin_ws/build_isolated/roscpp/CMakeFiles/CMakeTmp'
Building C object CMakeFiles/cmTC_052e7.dir/CheckFunctionExists.c.o
/usr/bin/cc    -DCHECK_FUNCTION_EXISTS=pthread_create   -o CMakeFiles/cmTC_052e7.dir/CheckFunctionExists.c.o   -c /usr/share/cmake-3.7/Modules/CheckFunctionExists.c
Linking C executable cmTC_052e7
/usr/bin/cmake -E cmake_link_script CMakeFiles/cmTC_052e7.dir/link.txt --verbose=1
/usr/bin/cc   -DCHECK_FUNCTION_EXISTS=pthread_create    CMakeFiles/cmTC_052e7.dir/CheckFunctionExists.c.o  -o cmTC_052e7 -rdynamic -lpthreads 
/usr/bin/ld: cannot find -lpthreads
collect2: error: ld returned 1 exit status
CMakeFiles/cmTC_052e7.dir/build.make:97: recipe for target 'cmTC_052e7' failed
make[1]: *** [cmTC_052e7] Error 1
make[1]: Leaving directory '/home/pi/ros_catkin_ws/build_isolated/roscpp/CMakeFiles/CMakeTmp'
Makefile:126: recipe for target 'cmTC_052e7/fast' failed
make: *** [cmTC_052e7/fast] Error 2


Determining if the function trunc exists failed with the following output:
Change Dir: /home/pi/ros_catkin_ws/build_isolated/roscpp/CMakeFiles/CMakeTmp

Run Build Command:"/usr/bin/make" "cmTC_0a44e/fast"
/usr/bin/make -f CMakeFiles/cmTC_0a44e.dir/build.make CMakeFiles/cmTC_0a44e.dir/build
make[1]: Entering directory '/home/pi/ros_catkin_ws/build_isolated/roscpp/CMakeFiles/CMakeTmp'
Building C object CMakeFiles/cmTC_0a44e.dir/CheckFunctionExists.c.o
/usr/bin/cc    -DCHECK_FUNCTION_EXISTS=trunc   -o CMakeFiles/cmTC_0a44e.dir/CheckFunctionExists.c.o   -c /usr/share/cmake-3.7/Modules/CheckFunctionExists.c
<command-line>:0:23: warning: conflicting types for built-in function ‘trunc’
/usr/share/cmake-3.7/Modules/CheckFunctionExists.c:7:3: note: in expansion of macro ‘CHECK_FUNCTION_EXISTS’
   CHECK_FUNCTION_EXISTS();
   ^~~~~~~~~~~~~~~~~~~~~
Linking C executable cmTC_0a44e
/usr/bin/cmake -E cmake_link_script CMakeFiles/cmTC_0a44e.dir/link.txt --verbose=1
/usr/bin/cc   -DCHECK_FUNCTION_EXISTS=trunc    CMakeFiles/cmTC_0a44e.dir/CheckFunctionExists.c.o  -o cmTC_0a44e -rdynamic 
CMakeFiles/cmTC_0a44e.dir/CheckFunctionExists.c.o: In function `main':
CheckFunctionExists.c:(.text+0x14): undefined reference to `trunc'
collect2: error: ld returned 1 exit status
CMakeFiles/cmTC_0a44e.dir/build.make:97: recipe for target 'cmTC_0a44e' failed
make[1]: *** [cmTC_0a44e] Error 1
make[1]: Leaving directory '/home/pi/ros_catkin_ws/build_isolated/roscpp/CMakeFiles/CMakeTmp'
Makefile:126: recipe for target 'cmTC_0a44e/fast' failed
make: *** [cmTC_0a44e/fast] Error 2


